<?xml version="1.0" encoding="UTF-8"?>
<!-- Generated by org.testng.reporters.JUnitReportReporter -->
<testsuite hostname="luminar003" failures="0" tests="1" name="pkg.KK" time="4.562" errors="0" timestamp="2024-02-26T11:15:59 IST" skipped="0">
  <testcase classname="pkg.KK" name="test" time="4.562"/>
  <system-out/>
</testsuite> <!-- pkg.KK -->
